2022-11-08 16:13:08,270 INFO An INFO
2022-11-08 16:13:08,270 WARNING A WARNING
2022-11-08 16:13:08,270 ERROR An ERROR
2022-11-08 16:13:08,271 CRITICAL A message of CRITICAL severity
2022-11-08 16:13:14,701 INFO File 457240088 2022-10-19 ugX1tWJ8AQc.jpg have been uploaded successfully.
2022-11-08 16:13:15,408 INFO File 457240089 2022-10-19 Jr-BIzA153o.jpg have been uploaded successfully.
2022-11-08 16:13:16,080 INFO File 457240090 2022-10-19 qgBCmJxrFpM.jpg have been uploaded successfully.
2022-11-08 16:13:16,635 INFO File 457240091 2022-10-19 BJhwQoMJhAI.jpg have been uploaded successfully.
2022-11-08 16:13:17,433 INFO File 457240092 2022-10-19 HyjtAcg7KPA.jpg have been uploaded successfully.
2022-11-08 16:13:57,523 INFO An INFO
2022-11-08 16:13:57,523 WARNING A WARNING
2022-11-08 16:13:57,524 ERROR An ERROR
2022-11-08 16:13:57,524 CRITICAL A message of CRITICAL severity
2022-11-08 16:14:01,238 INFO File 457240088 2022-10-19 ugX1tWJ8AQc.jpg have been uploaded successfully.
2022-11-08 16:14:02,041 INFO File 457240089 2022-10-19 Jr-BIzA153o.jpg have been uploaded successfully.
2022-11-08 16:14:02,647 INFO File 457240090 2022-10-19 qgBCmJxrFpM.jpg have been uploaded successfully.
2022-11-08 16:14:03,301 INFO File 457240091 2022-10-19 BJhwQoMJhAI.jpg have been uploaded successfully.
2022-11-08 16:14:03,836 INFO File 457240092 2022-10-19 HyjtAcg7KPA.jpg have been uploaded successfully.
2022-11-08 16:14:37,590 INFO An INFO
2022-11-08 16:14:37,590 WARNING A WARNING
2022-11-08 16:14:37,590 ERROR An ERROR
2022-11-08 16:14:37,592 CRITICAL A message of CRITICAL severity
2022-11-08 16:14:41,481 INFO File 457240088 2022-10-19 ugX1tWJ8AQc.jpg have been uploaded successfully.
2022-11-08 16:14:42,279 INFO File 457240089 2022-10-19 Jr-BIzA153o.jpg have been uploaded successfully.
2022-11-08 16:14:42,752 INFO File 457240090 2022-10-19 qgBCmJxrFpM.jpg have been uploaded successfully.
2022-11-08 16:14:43,336 INFO File 457240091 2022-10-19 BJhwQoMJhAI.jpg have been uploaded successfully.
2022-11-08 16:14:43,959 INFO File 457240092 2022-10-19 HyjtAcg7KPA.jpg have been uploaded successfully.
2022-11-08 16:14:51,105 INFO An INFO
2022-11-08 16:14:51,105 WARNING A WARNING
2022-11-08 16:14:51,105 ERROR An ERROR
2022-11-08 16:14:51,106 CRITICAL A message of CRITICAL severity
2022-11-08 16:14:55,379 INFO File 457240088 2022-10-19 ugX1tWJ8AQc.jpg have been uploaded successfully.
2022-11-08 16:14:56,028 INFO File 457240089 2022-10-19 Jr-BIzA153o.jpg have been uploaded successfully.
2022-11-08 16:14:56,768 INFO File 457240090 2022-10-19 qgBCmJxrFpM.jpg have been uploaded successfully.
2022-11-08 16:14:57,491 INFO File 457240091 2022-10-19 BJhwQoMJhAI.jpg have been uploaded successfully.
2022-11-08 16:14:58,308 INFO File 457240092 2022-10-19 HyjtAcg7KPA.jpg have been uploaded successfully.
2022-11-08 16:14:58,992 INFO File 457240093 2022-10-19 zEW2aaFqHPY.jpg have been uploaded successfully.
2022-11-08 16:14:59,470 INFO File 457240094 2022-10-19 zEW2aaFqHPY.jpg have been uploaded successfully.
2022-11-08 16:15:00,204 INFO File 457240095 2022-10-19 c-1aHqOvfHI.jpg have been uploaded successfully.
2022-11-08 16:15:00,962 INFO File 457240096 2022-10-19 E7YAOYGW9m0.jpg have been uploaded successfully.
2022-11-08 16:26:52,416 INFO An INFO
2022-11-08 16:26:52,417 WARNING A WARNING
2022-11-08 16:26:52,417 ERROR An ERROR
2022-11-08 16:26:52,417 CRITICAL A message of CRITICAL severity
2022-11-08 16:26:56,789 INFO File 457240088 2022-10-19 ugX1tWJ8AQc.jpg have been uploaded successfully.
2022-11-08 16:26:57,381 INFO File 457240089 2022-10-19 Jr-BIzA153o.jpg have been uploaded successfully.
2022-11-08 16:26:58,017 INFO File 457240090 2022-10-19 qgBCmJxrFpM.jpg have been uploaded successfully.
2022-11-08 16:26:58,723 INFO File 457240091 2022-10-19 BJhwQoMJhAI.jpg have been uploaded successfully.
2022-11-08 16:26:59,374 INFO File 457240092 2022-10-19 HyjtAcg7KPA.jpg have been uploaded successfully.
2022-11-08 16:26:59,944 INFO File 457240093 2022-10-19 zEW2aaFqHPY.jpg have been uploaded successfully.
2022-11-08 16:27:00,727 INFO File 457240094 2022-10-19 zEW2aaFqHPY.jpg have been uploaded successfully.
2022-11-08 16:27:01,351 INFO File 457240095 2022-10-19 c-1aHqOvfHI.jpg have been uploaded successfully.
2022-11-08 16:27:01,989 INFO File 457240096 2022-10-19 E7YAOYGW9m0.jpg have been uploaded successfully.
